22:22:24 **** Build of configuration Default for project simple-io-2 ****
make 
grit /home/hansung/ndsdev/nds-ide/0792004/simple-io-2/image/down.png -fts -odown
STATUS: ---grit v0.8.10 ---
STATUS: Individual runs.
STATUS: Input file /home/hansung/ndsdev/nds-ide/0792004/simple-io-2/image/down.png
WARNING: No main mode specified (-gt/-gb).
STATUS: Output file: 'down'.
STATUS: Started run at: 2012-11-04, 22:22:25
STATUS: Validating gr.
WARNING:   No explicit symbol name. In overwrite mode, so using dst title.
STATUS: Validation succeeded.
STATUS: Preparing data.
STATUS: Work-DIB creation.
WARNING:   converting from 32 bpp to 16 bpp.
STATUS: converting to: 16bpp BGR, alpha=1.
STATUS: Work-DIB creation complete: 256x192@16.
STATUS: Graphics preparation.
STATUS: Compressing: 01
STATUS: Graphics preparation complete.
STATUS: Data preparation complete.
STATUS: Export to GNU asm: down into down.s .
STATUS: Run completed :).
STATUS: Done!
down.s
arm-none-eabi-gcc -MMD -MP -MF /home/hansung/ndsdev/nds-ide/0792004/simple-io-2/build/down.d -x assembler-with-cpp -g -mthumb -march=armv5te -mtune=arm946e-s -c down.s -o down.o 
STATUS: ---grit v0.8.10 ---
STATUS: Individual runs.
STATUS: Input file /home/hansung/ndsdev/nds-ide/0792004/simple-io-2/image/up.png
grit /home/hansung/ndsdev/nds-ide/0792004/simple-io-2/image/up.png -fts -oup
WARNING: No main mode specified (-gt/-gb).
STATUS: Output file: 'up'.
STATUS: Started run at: 2012-11-04, 22:22:25
STATUS: Validating gr.
WARNING:   No explicit symbol name. In overwrite mode, so using dst title.
STATUS: Validation succeeded.
STATUS: Preparing data.
STATUS: Work-DIB creation.
WARNING:   converting from 32 bpp to 16 bpp.
STATUS: converting to: 16bpp BGR, alpha=1.
STATUS: Work-DIB creation complete: 256x192@16.
STATUS: Graphics preparation.
STATUS: Compressing: 01
STATUS: Graphics preparation complete.
STATUS: Data preparation complete.
STATUS: Export to GNU asm: up into up.s .
STATUS: Run completed :).
STATUS: Done!
up.s
arm-none-eabi-gcc -MMD -MP -MF /home/hansung/ndsdev/nds-ide/0792004/simple-io-2/build/up.d -x assembler-with-cpp -g -mthumb -march=armv5te -mtune=arm946e-s -c up.s -o up.o 
sevencore_io.c
arm-none-eabi-gcc -MMD -MP -MF /home/hansung/ndsdev/nds-ide/0792004/simple-io-2/build/sevencore_io.d -g -Wall -fomit-frame-pointer -ffast-math -mthumb -march=armv5te -mtune=arm946e-s -I/home/hansung/ndsdev/nds-ide/0792004/simple-io-2/include -I/home/hansung/ndsdev/nds-ide/0792004/simple-io-2/build -I/home/hansung/ndsdev/nds-ide/0792004/simple-io-2/FreeRTOS/include -I/home/hansung/ndsdev/nds-ide/0792004/simple-io-2/FreeRTOS/NDS -I/home/hansung/ndsdev/devkitPro/libnds/include -I/home/hansung/ndsdev/nds-ide/0792004/simple-io-2/build -DARM9 -c /home/hansung/ndsdev/nds-ide/0792004/simple-io-2/FreeRTOS/NDS/sevencore_io.c -o sevencore_io.o 
/home/hansung/ndsdev/nds-ide/0792004/simple-io-2/source/main.c: In function 'Homework_1':
main.c
arm-none-eabi-gcc -MMD -MP -MF /home/hansung/ndsdev/nds-ide/0792004/simple-io-2/build/main.d -g -Wall -fomit-frame-pointer -ffast-math -mthumb -march=armv5te -mtune=arm946e-s -I/home/hansung/ndsdev/nds-ide/0792004/simple-io-2/include -I/home/hansung/ndsdev/nds-ide/0792004/simple-io-2/build -I/home/hansung/ndsdev/nds-ide/0792004/simple-io-2/FreeRTOS/include -I/home/hansung/ndsdev/nds-ide/0792004/simple-io-2/FreeRTOS/NDS -I/home/hansung/ndsdev/devkitPro/libnds/include -I/home/hansung/ndsdev/nds-ide/0792004/simple-io-2/build -DARM9 -c /home/hansung/ndsdev/nds-ide/0792004/simple-io-2/source/main.c -o main.o 
/home/hansung/ndsdev/nds-ide/0792004/simple-io-2/source/main.c:102:1: error: expected expression before '<<' token
/home/hansung/ndsdev/nds-ide/0792004/simple-io-2/source/main.c:105:1: error: expected expression before '==' token
/home/hansung/ndsdev/nds-ide/0792004/simple-io-2/source/main.c:106:9: error: invalid suffix "d698367d473792c2fff7941049b7bd95454" on integer constant
In file included from /home/hansung/ndsdev/nds-ide/0792004/simple-io-2/source/main.c:21:0:
/home/hansung/ndsdev/nds-ide/0792004/simple-io-2/source/main.c: At top level:
/home/hansung/ndsdev/nds-ide/0792004/simple-io-2/FreeRTOS/NDS/gdbStub.h:115:12: warning: 'memAddrCheck' declared 'static' but never defined [-Wunused-function]
/home/hansung/ndsdev/nds-ide/0792004/simple-io-2/FreeRTOS/NDS/gdbStub.h:116:12: warning: 'hex' declared 'static' but never defined [-Wunused-function]
/home/hansung/ndsdev/nds-ide/0792004/simple-io-2/FreeRTOS/NDS/gdbStub.h:117:12: warning: 'hexToInt' declared 'static' but never defined [-Wunused-function]
/home/hansung/ndsdev/nds-ide/0792004/simple-io-2/FreeRTOS/NDS/gdbStub.h:118:23: warning: 'mem2hex' declared 'static' but never defined [-Wunused-function]
/home/hansung/ndsdev/nds-ide/0792004/simple-io-2/FreeRTOS/NDS/gdbStub.h:119:23: warning: 'hex2mem' declared 'static' but never defined [-Wunused-function]
/home/hansung/ndsdev/nds-ide/0792004/simple-io-2/FreeRTOS/NDS/gdbStub.h:120:23: warning: 'getpacket' declared 'static' but never defined [-Wunused-function]
/home/hansung/ndsdev/nds-ide/0792004/simple-io-2/FreeRTOS/NDS/gdbStub.h:121:13: warning: 'putPacket' declared 'static' but never defined [-Wunused-function]
/home/hansung/ndsdev/nds-ide/0792004/simple-io-2/FreeRTOS/NDS/gdbStub.h:122:13: warning: 'indicateHaltedReason' declared 'static' but never defined [-Wunused-function]
/home/hansung/ndsdev/nds-ide/0792004/simple-io-2/FreeRTOS/NDS/gdbStub.h:123:12: warning: 'regOffset' declared 'static' but never defined [-Wunused-function]
/home/hansung/ndsdev/nds-ide/0792004/simple-io-2/FreeRTOS/NDS/gdbStub.h:128:13: warning: 'readRegisters' declared 'static' but never defined [-Wunused-function]
/home/hansung/ndsdev/nds-ide/0792004/simple-io-2/FreeRTOS/NDS/gdbStub.h:129:13: warning: 'writeRegisters' declared 'static' but never defined [-Wunused-function]
/home/hansung/ndsdev/nds-ide/0792004/simple-io-2/FreeRTOS/NDS/gdbStub.h:130:13: warning: 'readMemory' declared 'static' but never defined [-Wunused-function]
/home/hansung/ndsdev/nds-ide/0792004/simple-io-2/FreeRTOS/NDS/gdbStub.h:131:13: warning: 'writeMemory' declared 'static' but never defined [-Wunused-function]
/home/hansung/ndsdev/nds-ide/0792004/simple-io-2/FreeRTOS/NDS/gdbStub.h:132:13: warning: 'debugStub' declared 'static' but never defined [-Wunused-function]
/home/hansung/ndsdev/nds-ide/0792004/simple-io-2/FreeRTOS/NDS/gdbStub.h:133:17: warning: 'v5TSemantics' declared 'static' but never defined [-Wunused-function]
/home/hansung/ndsdev/nds-ide/0792004/simple-io-2/FreeRTOS/NDS/gdbStub.h:134:17: warning: 'insWillExecute' declared 'static' but never defined [-Wunused-function]
/home/hansung/ndsdev/nds-ide/0792004/simple-io-2/FreeRTOS/NDS/gdbStub.h:135:17: warning: 'RmShifted' declared 'static' but never defined [-Wunused-function]
/home/hansung/ndsdev/nds-ide/0792004/simple-io-2/FreeRTOS/NDS/gdbStub.h:136:18: warning: 'targetIns' declared 'static' but never defined [-Wunused-function]
/home/hansung/ndsdev/nds-ide/0792004/simple-io-2/FreeRTOS/NDS/gdbStub.h:137:17: warning: 'targetThumbIns' declared 'static' but never defined [-Wunused-function]
/home/hansung/ndsdev/nds-ide/0792004/simple-io-2/FreeRTOS/NDS/gdbStub.h:138:13: warning: 'singleStep' declared 'static' but never defined [-Wunused-function]
/home/hansung/ndsdev/nds-ide/0792004/simple-io-2/FreeRTOS/NDS/gdbStub.h:139:13: warning: 'clearStep' declared 'static' but never defined [-Wunused-function]
/home/hansung/ndsdev/nds-ide/0792004/simple-io-2/FreeRTOS/NDS/gdbStub.h:140:13: warning: 'jumpBack' declared 'static' but never defined [-Wunused-function]
/home/hansung/ndsdev/nds-ide/0792004/simple-io-2/FreeRTOS/NDS/gdbStub.h:141:17: warning: 'computeReturnAddress' declared 'static' but never defined [-Wunused-function]
/home/hansung/ndsdev/nds-ide/0792004/simple-io-2/FreeRTOS/NDS/gdbStub.h:143:13: warning: 'build_t_packet' declared 'static' but never defined [-Wunused-function]
/home/hansung/ndsdev/nds-ide/0792004/simple-io-2/FreeRTOS/NDS/gdbStub.h:144:13: warning: 'exceptionHandler' declared 'static' but never defined [-Wunused-function]
/home/hansung/ndsdev/nds-ide/0792004/simple-io-2/FreeRTOS/NDS/gdbStub.h:145:13: warning: 'firstHandler' declared 'static' but never defined [-Wunused-function]
make[1]: *** [main.o] 오류 1
make: *** [build] 오류 2

22:22:28 Build Finished (took 3s.630ms)

